{"contracts/Tournament.sol":{"l":{"44":1,"45":1,"46":1,"48":1,"66":1,"67":1,"68":1,"69":1,"73":1,"79":1,"80":1,"81":0,"82":0,"83":0,"85":1,"86":1,"87":1,"91":1,"92":1,"95":1,"105":1,"108":1,"119":0,"123":0,"134":0,"135":0,"147":1,"148":1,"149":1,"152":1,"155":1,"156":2,"158":2,"164":6,"179":1,"185":1,"186":1,"187":1,"190":1},"path":"/home/aybiouss/Desktop/testingSC/contracts/Tournament.sol","s":{"1":1,"2":1,"3":1,"4":1,"5":1,"6":1,"7":1,"8":1,"9":1,"10":1,"11":0,"12":0,"13":0,"14":0,"15":1,"16":1,"17":1,"18":1,"19":1,"20":2,"21":2,"22":6,"23":1,"24":1,"25":1},"b":{"1":[1,0],"2":[1,0],"3":[0,1],"4":[0,0],"5":[1,5],"6":[1,0]},"f":{"1":1,"2":1,"3":0,"4":0,"5":1},"fnMap":{"1":{"name":"createTournament","line":43,"loc":{"start":{"line":43,"column":4},"end":{"line":49,"column":4}}},"2":{"name":"recordMatch","line":59,"loc":{"start":{"line":59,"column":4},"end":{"line":109,"column":4}}},"3":{"name":"getTournamentMatches","line":116,"loc":{"start":{"line":116,"column":4},"end":{"line":124,"column":4}}},"4":{"name":"getPlayerStats","line":131,"loc":{"start":{"line":131,"column":4},"end":{"line":136,"column":4}}},"5":{"name":"getAllMatchesPlayedByThePlayer","line":143,"loc":{"start":{"line":143,"column":4},"end":{"line":191,"column":4}}}},"statementMap":{"1":{"start":{"line":44,"column":8},"end":{"line":44,"column":70}},"2":{"start":{"line":48,"column":8},"end":{"line":48,"column":32}},"3":{"start":{"line":66,"column":8},"end":{"line":66,"column":66}},"4":{"start":{"line":67,"column":8},"end":{"line":67,"column":65}},"5":{"start":{"line":68,"column":8},"end":{"line":68,"column":65}},"6":{"start":{"line":69,"column":8},"end":{"line":69,"column":2154}},"7":{"start":{"line":73,"column":8},"end":{"line":73,"column":2288}},"8":{"start":{"line":79,"column":8},"end":{"line":79,"column":29}},"9":{"start":{"line":80,"column":8},"end":{"line":80,"column":2481}},"10":{"start":{"line":95,"column":8},"end":{"line":95,"column":2949}},"11":{"start":{"line":119,"column":8},"end":{"line":119,"column":3670}},"12":{"start":{"line":123,"column":8},"end":{"line":123,"column":49}},"13":{"start":{"line":134,"column":8},"end":{"line":134,"column":57}},"14":{"start":{"line":135,"column":8},"end":{"line":135,"column":69}},"15":{"start":{"line":147,"column":8},"end":{"line":147,"column":65}},"16":{"start":{"line":148,"column":8},"end":{"line":148,"column":59}},"17":{"start":{"line":149,"column":8},"end":{"line":149,"column":28}},"18":{"start":{"line":152,"column":8},"end":{"line":152,"column":63}},"19":{"start":{"line":155,"column":8},"end":{"line":155,"column":5071}},"20":{"start":{"line":156,"column":12},"end":{"line":156,"column":64}},"21":{"start":{"line":158,"column":12},"end":{"line":158,"column":5281}},"22":{"start":{"line":164,"column":16},"end":{"line":164,"column":5498}},"23":{"start":{"line":185,"column":8},"end":{"line":185,"column":62}},"24":{"start":{"line":186,"column":8},"end":{"line":186,"column":6268}},"25":{"start":{"line":190,"column":8},"end":{"line":190,"column":28}}},"branchMap":{"1":{"line":69,"type":"if","locations":[{"start":{"line":69,"column":8},"end":{"line":69,"column":8}},{"start":{"line":69,"column":8},"end":{"line":69,"column":8}}]},"2":{"line":73,"type":"if","locations":[{"start":{"line":73,"column":8},"end":{"line":73,"column":8}},{"start":{"line":73,"column":8},"end":{"line":73,"column":8}}]},"3":{"line":80,"type":"if","locations":[{"start":{"line":80,"column":8},"end":{"line":80,"column":8}},{"start":{"line":80,"column":8},"end":{"line":80,"column":8}}]},"4":{"line":119,"type":"if","locations":[{"start":{"line":119,"column":8},"end":{"line":119,"column":8}},{"start":{"line":119,"column":8},"end":{"line":119,"column":8}}]},"5":{"line":164,"type":"if","locations":[{"start":{"line":164,"column":16},"end":{"line":164,"column":16}},{"start":{"line":164,"column":16},"end":{"line":164,"column":16}}]},"6":{"line":165,"type":"cond-expr","locations":[{"start":{"line":165,"column":20},"end":{"line":170,"column":20}},{"start":{"line":171,"column":20},"end":{"line":176,"column":20}}]}}}}