TN:
SF:/home/aybiouss/Desktop/testingSC/contracts/Tournament.sol
FN:43,createTournament
FN:59,recordMatch
FN:116,getTournamentMatches
FN:131,getPlayerStats
FN:143,getAllMatchesPlayedByThePlayer
FNF:5
FNH:3
FNDA:1,createTournament
FNDA:1,recordMatch
FNDA:0,getTournamentMatches
FNDA:0,getPlayerStats
FNDA:1,getAllMatchesPlayedByThePlayer
DA:44,1
DA:45,1
DA:46,1
DA:48,1
DA:66,1
DA:67,1
DA:68,1
DA:69,1
DA:73,1
DA:79,1
DA:80,1
DA:81,0
DA:82,0
DA:83,0
DA:85,1
DA:86,1
DA:87,1
DA:91,1
DA:92,1
DA:95,1
DA:105,1
DA:108,1
DA:119,0
DA:123,0
DA:134,0
DA:135,0
DA:147,1
DA:148,1
DA:149,1
DA:152,1
DA:155,1
DA:156,2
DA:158,2
DA:164,6
DA:179,1
DA:185,1
DA:186,1
DA:187,1
DA:190,1
LF:39
LH:32
BRDA:69,1,0,1
BRDA:69,1,1,0
BRDA:73,2,0,1
BRDA:73,2,1,0
BRDA:80,3,0,0
BRDA:80,3,1,1
BRDA:119,4,0,0
BRDA:119,4,1,0
BRDA:164,5,0,1
BRDA:164,5,1,5
BRDA:165,6,0,1
BRDA:165,6,1,0
BRF:12
BRH:6
end_of_record
